0 info it worked if it ends with ok
1 verbose cli [ '/Users/jared/.nvm/versions/node/v7.6.0/bin/node',
1 verbose cli   '/Users/jared/.nvm/versions/node/v7.6.0/bin/npm',
1 verbose cli   'run',
1 verbose cli   'server' ]
2 info using npm@4.1.2
3 info using node@v7.6.0
4 verbose run-script [ 'preserver', 'server', 'postserver' ]
5 info lifecycle bstest@0.1.0~preserver: bstest@0.1.0
6 silly lifecycle bstest@0.1.0~preserver: no script for preserver, continuing
7 info lifecycle bstest@0.1.0~server: bstest@0.1.0
8 verbose lifecycle bstest@0.1.0~server: unsafe-perm in lifecycle true
9 verbose lifecycle bstest@0.1.0~server: PATH: /Users/jared/.nvm/versions/node/v7.6.0/lib/node_modules/npm/bin/node-gyp-bin:/Users/jared/clone/tools/ppx_autoserialize/example/node_modules/.bin:/Users/jared/.opam/4.02.3/bin:/Users/jared/tmp/google-cloud-sdk/bin:/Users/jared/.nvm/versions/node/v7.6.0/bin:/Users/jared/tmp/google-cloud-sdk/bin:/Users/jared/.yarn/bin:/Users/jared/.multirust/bin:/usr/local/heroku/bin:/Users/jared/.virtualenv/khan27/bin:/Users/jared/khan/devtools/khan-linter/bin:/Users/jared/khan/devtools/ka-clone/bin:/Users/jared/khan/devtools/git-workflow/bin:/Users/jared/khan/devtools/git-bigfile/bin:/Users/jared/khan/devtools/arcanist/khan-bin:/Users/jared/khan/webapp/third_party/frankenserver:/usr/local/bin:/usr/local/sbin:/usr/bin:/bin:/usr/sbin:/sbin:/opt/X11/bin:/usr/local/go/bin:/usr/local/MacGPG2/bin:/Users/jared/tmp/google-cloud-sdk/bin:/Users/jared/.yarn/bin:/Users/jared/.multirust/bin:/usr/local/heroku/bin:/Users/jared/.virtualenv/khan27/bin:/Users/jared/khan/devtools/khan-linter/bin:/Users/jared/khan/devtools/ka-clone/bin:/Users/jared/khan/devtools/git-workflow/bin:/Users/jared/khan/devtools/git-bigfile/bin:/Users/jared/khan/devtools/arcanist/khan-bin:/Users/jared/khan/webapp/third_party/frankenserver:/Users/jared/bin:/Users/jared/.local/bin:./vendor/bin:/Users/jared/.rvm/bin:/Users/jared/.cabal/bin:/home/jared/go/bin:/Users/jared/Library/Android/sdk/platform-tools:/Users/jared/Library/Android/sdk/tools:/Users/jared/.multirust/toolchains/stable/cargo/bin:/Users/jared/bin:/Users/jared/.local/bin:/usr/local/bin:./vendor/bin:/Users/jared/.rvm/bin:/Users/jared/.cabal/bin:/usr/local/go/bin:/home/jared/go/bin:/home/jared/go/bin:/Users/jared/Library/Android/sdk/platform-tools:/Users/jared/Library/Android/sdk/tools:/Users/jared/.multirust/toolchains/stable/cargo/bin:/usr/local/opt/fzf/bin
10 verbose lifecycle bstest@0.1.0~server: CWD: /Users/jared/clone/tools/ppx_autoserialize/example
11 silly lifecycle bstest@0.1.0~server: Args: [ '-c',
11 silly lifecycle   'cd src && jbuilder build @install && jbuilder exec server' ]
12 silly lifecycle bstest@0.1.0~server: Returned: code: 1  signal: null
13 info lifecycle bstest@0.1.0~server: Failed to exec server script
14 verbose stack Error: bstest@0.1.0 server: `cd src && jbuilder build @install && jbuilder exec server`
14 verbose stack Exit status 1
14 verbose stack     at EventEmitter.<anonymous> (/Users/jared/.nvm/versions/node/v7.6.0/lib/node_modules/npm/lib/utils/lifecycle.js:279:16)
14 verbose stack     at emitTwo (events.js:106:13)
14 verbose stack     at EventEmitter.emit (events.js:192:7)
14 verbose stack     at ChildProcess.<anonymous> (/Users/jared/.nvm/versions/node/v7.6.0/lib/node_modules/npm/lib/utils/spawn.js:40:14)
14 verbose stack     at emitTwo (events.js:106:13)
14 verbose stack     at ChildProcess.emit (events.js:192:7)
14 verbose stack     at maybeClose (internal/child_process.js:890:16)
14 verbose stack     at Process.ChildProcess._handle.onexit (internal/child_process.js:226:5)
15 verbose pkgid bstest@0.1.0
16 verbose cwd /Users/jared/clone/tools/ppx_autoserialize/example
17 error Darwin 16.6.0
18 error argv "/Users/jared/.nvm/versions/node/v7.6.0/bin/node" "/Users/jared/.nvm/versions/node/v7.6.0/bin/npm" "run" "server"
19 error node v7.6.0
20 error npm  v4.1.2
21 error code ELIFECYCLE
22 error bstest@0.1.0 server: `cd src && jbuilder build @install && jbuilder exec server`
22 error Exit status 1
23 error Failed at the bstest@0.1.0 server script 'cd src && jbuilder build @install && jbuilder exec server'.
23 error Make sure you have the latest version of node.js and npm installed.
23 error If you do, this is most likely a problem with the bstest package,
23 error not with npm itself.
23 error Tell the author that this fails on your system:
23 error     cd src && jbuilder build @install && jbuilder exec server
23 error You can get information on how to open an issue for this project with:
23 error     npm bugs bstest
23 error Or if that isn't available, you can get their info via:
23 error     npm owner ls bstest
23 error There is likely additional logging output above.
24 verbose exit [ 1, true ]
